Started Simulation of Damped Oscillation Implementation Using MPI and OpenMP at 2023-06-27 18:00:57 with Parametes:
Amplitude: 10.000000
Spring Length: 14.000000
Mass: 1.000000
Gravity: 1.800000
Stifeness: 1.000000
Initial_Acceleration: -1.000000
Initial_Velocity: 0.000000
FI_Const: -0.100000
Time_Limit: 512.000000
Step_Size(dt): 0.010000
Damping_coefficient: 0.100000
Number of Processes: 4
================================================================================
Memory ===========================================================================


uptime: 35774
totalram: 6186020864 in bytes / 6041036 in KB / 5899 in MB / 5 in GB
freeram: 4132290560 in bytes / 4035440 in KB / 3940 in MB / 3 in GB
sharedram: 4329472 in bytes / 4228 in KB / 4 in MB / 0 in GB
bufferram: 46911488 in bytes / 45812 in KB / 44 in MB / 0 in GB
freeswap: 1024454656 in bytes / 1000444 in KB / 976 in MB / 0 in GB
current running processes: 446


================================================================================
CPUs ===========================================================================

processor       : 0
vendor_id       : GenuineIntel
cpu family      : 6
model           : 42
model name      : Intel(R) Core(TM) i3-2100 CPU @ 3.10GHz
stepping        : 7
microcode       : 0x1b
cpu MHz         : 3093.671
cache size      : 3072 KB
physical id     : 0
siblings        : 4
core id         : 0
cpu cores       : 2
apicid          : 0
initial apicid  : 0
fpu             : yes
fpu_exception   : yes
cpuid level     : 13
wp              : yes
flags           : fpu vme de pse tsc msr pae mce cx8 apic sep mtrr pge mca cmov pat pse36 clflush dts acpi mmx fxsr sse sse2 ht tm pbe syscall nx rdtscp lm constant_tsc arch_perfmon pebs bts rep_good nopl xtopology nonstop_tsc cpuid aperfmperf pni pclmulqdq dtes64 monitor ds_cpl vmx est tm2 ssse3 cx16 xtpr pdcm pcid sse4_1 sse4_2 popcnt tsc_deadline_timer xsave avx lahf_lm epb pti tpr_shadow vnmi flexpriority ept vpid xsaveopt dtherm arat pln pts
vmx flags       : vnmi preemption_timer invvpid ept_x_only flexpriority tsc_offset vtpr mtf vapic ept vpid unrestricted_guest
bugs            : cpu_meltdown spectre_v1 spectre_v2 spec_store_bypass l1tf mds swapgs itlb_multihit mmio_unknown
bogomips        : 6187.34
clflush size    : 64
cache_alignment : 64
address sizes   : 36 bits physical, 48 bits virtual
power management:

processor       : 1
vendor_id       : GenuineIntel
cpu family      : 6
model           : 42
model name      : Intel(R) Core(TM) i3-2100 CPU @ 3.10GHz
stepping        : 7
microcode       : 0x1b
cpu MHz         : 3093.672
cache size      : 3072 KB
physical id     : 0
siblings        : 4
core id         : 1
cpu cores       : 2
apicid          : 2
initial apicid  : 2
fpu             : yes
fpu_exception   : yes
cpuid level     : 13
wp              : yes
flags           : fpu vme de pse tsc msr pae mce cx8 apic sep mtrr pge mca cmov pat pse36 clflush dts acpi mmx fxsr sse sse2 ht tm pbe syscall nx rdtscp lm constant_tsc arch_perfmon pebs bts rep_good nopl xtopology nonstop_tsc cpuid aperfmperf pni pclmulqdq dtes64 monitor ds_cpl vmx est tm2 ssse3 cx16 xtpr pdcm pcid sse4_1 sse4_2 popcnt tsc_deadline_timer xsave avx lahf_lm epb pti tpr_shadow vnmi flexpriority ept vpid xsaveopt dtherm arat pln pts
vmx flags       : vnmi preemption_timer invvpid ept_x_only flexpriority tsc_offset vtpr mtf vapic ept vpid unrestricted_guest
bugs            : cpu_meltdown spectre_v1 spectre_v2 spec_store_bypass l1tf mds swapgs itlb_multihit mmio_unknown
bogomips        : 6187.34
clflush size    : 64
cache_alignment : 64
address sizes   : 36 bits physical, 48 bits virtual
power management:

processor       : 2
vendor_id       : GenuineIntel
cpu family      : 6
model           : 42
model name      : Intel(R) Core(TM) i3-2100 CPU @ 3.10GHz
stepping        : 7
microcode       : 0x1b
cpu MHz         : 3093.900
cache size      : 3072 KB
physical id     : 0
siblings        : 4
core id         : 0
cpu cores       : 2
apicid          : 1
initial apicid  : 1
fpu             : yes
fpu_exception   : yes
cpuid level     : 13
wp              : yes
flags           : fpu vme de pse tsc msr pae mce cx8 apic sep mtrr pge mca cmov pat pse36 clflush dts acpi mmx fxsr sse sse2 ht tm pbe syscall nx rdtscp lm constant_tsc arch_perfmon pebs bts rep_good nopl xtopology nonstop_tsc cpuid aperfmperf pni pclmulqdq dtes64 monitor ds_cpl vmx est tm2 ssse3 cx16 xtpr pdcm pcid sse4_1 sse4_2 popcnt tsc_deadline_timer xsave avx lahf_lm epb pti tpr_shadow vnmi flexpriority ept vpid xsaveopt dtherm arat pln pts
vmx flags       : vnmi preemption_timer invvpid ept_x_only flexpriority tsc_offset vtpr mtf vapic ept vpid unrestricted_guest
bugs            : cpu_meltdown spectre_v1 spectre_v2 spec_store_bypass l1tf mds swapgs itlb_multihit mmio_unknown
bogomips        : 6187.34
clflush size    : 64
cache_alignment : 64
address sizes   : 36 bits physical, 48 bits virtual
power management:

processor       : 3
vendor_id       : GenuineIntel
cpu family      : 6
model           : 42
model name      : Intel(R) Core(TM) i3-2100 CPU @ 3.10GHz
stepping        : 7
microcode       : 0x1b
cpu MHz         : 3093.672
cache size      : 3072 KB
physical id     : 0
siblings        : 4
core id         : 1
cpu cores       : 2
apicid          : 3
initial apicid  : 3
fpu             : yes
fpu_exception   : yes
cpuid level     : 13
wp              : yes
flags           : fpu vme de pse tsc msr pae mce cx8 apic sep mtrr pge mca cmov pat pse36 clflush dts acpi mmx fxsr sse sse2 ht tm pbe syscall nx rdtscp lm constant_tsc arch_perfmon pebs bts rep_good nopl xtopology nonstop_tsc cpuid aperfmperf pni pclmulqdq dtes64 monitor ds_cpl vmx est tm2 ssse3 cx16 xtpr pdcm pcid sse4_1 sse4_2 popcnt tsc_deadline_timer xsave avx lahf_lm epb pti tpr_shadow vnmi flexpriority ept vpid xsaveopt dtherm arat pln pts
vmx flags       : vnmi preemption_timer invvpid ept_x_only flexpriority tsc_offset vtpr mtf vapic ept vpid unrestricted_guest
bugs            : cpu_meltdown spectre_v1 spectre_v2 spec_store_bypass l1tf mds swapgs itlb_multihit mmio_unknown
bogomips        : 6187.34
clflush size    : 64
cache_alignment : 64
address sizes   : 36 bits physical, 48 bits virtual
power management:



=================================================================================

Started Job 1 at: 2023-06-27 18:00:57 Processor: slinga-1 Rank: 0.

Ended Job 1 at: 2023-06-27 18:00:57 Processor: slinga-1 Rank: 0 Execution Time: 0.000075 sec.

Started Job 2 at: 2023-06-27 18:00:57 Processor: slinga-1 Rank: 0.

Started Job 2 at: 2023-06-27 18:00:57 Processor: slinga-1 Rank: 1.

Started Job 2 at: 2023-06-27 18:00:57 Processor: slinga-1 Rank: 2.

Started Job 2 at: 2023-06-27 18:00:57 Processor: slinga-1 Rank: 3.

Ended Job 2 at: 2023-06-27 18:00:57 Processor: slinga-1 Rank: 0 Execution Time: 0.000000 sec.

Ended Job 2 at: 2023-06-27 18:00:58 Processor: slinga-1 Rank: 2 Execution Time: 1.181320 sec.

Ended Job 2 at: 2023-06-27 18:00:58 Processor: slinga-1 Rank: 3 Execution Time: 1.255398 sec.

Ended Job 2 at: 2023-06-27 18:04:08 Processor: slinga-1 Rank: 1 Execution Time: 191.346908 sec.


Ended Simulation of Damped Oscillation Implementation Using MPI and OpenMP at 2023-06-27 18:04:08