Started Simulation of Damped Oscillation Implementation Using MPI and OpenMP at 2023-06-29 18:17:35 with Parametes:
Amplitude: 10.000000 
Spring Length: 14.000000 
Mass: 1.000000 
Gravity: 1.800000 
Stifeness: 1.000000 
Initial Acceleration: -1.000000 
Initial Velocity: 0.000000 
FI Const: -0.100000 
Time Limit: 65536.000000 
Step_Size(dt): 0.010000 
Damping coefficient: 0.100000
Numper of Processes: 10

================================================================================
Memory ===========================================================================
================================================================================


uptime: 43856
totalram: 6186029056 in bytes / 6041044 in KB / 5899 in MB / 5 in GB
freeram: 4530540544 in bytes / 4424356 in KB / 4320 in MB / 4 in GB
sharedram: 21299200 in bytes / 20800 in KB / 20 in MB / 0 in GB
bufferram: 43499520 in bytes / 42480 in KB / 41 in MB / 0 in GB
freeswap: 1024454656 in bytes / 1000444 in KB / 976 in MB / 0 in GB
current running processes: 477


================================================================================
CPUs ===========================================================================
================================================================================


processor	: 0
vendor_id	: GenuineIntel
cpu family	: 6
model		: 42
model name	: Intel(R) Core(TM) i3-2100 CPU @ 3.10GHz
stepping	: 7
microcode	: 0x1b
cpu MHz		: 3092.954
cache size	: 3072 KB
physical id	: 0
siblings	: 4
core id		: 0
cpu cores	: 2
apicid		: 0
initial apicid	: 0
fpu		: yes
fpu_exception	: yes
cpuid level	: 13
wp		: yes
flags		: fpu vme de pse tsc msr pae mce cx8 apic sep mtrr pge mca cmov pat pse36 clflush dts acpi mmx fxsr sse sse2 ht tm pbe syscall nx rdtscp lm constant_tsc arch_perfmon pebs bts rep_good nopl xtopology nonstop_tsc cpuid aperfmperf pni pclmulqdq dtes64 monitor ds_cpl vmx est tm2 ssse3 cx16 xtpr pdcm pcid sse4_1 sse4_2 popcnt tsc_deadline_timer xsave avx lahf_lm epb pti tpr_shadow vnmi flexpriority ept vpid xsaveopt dtherm arat pln pts
vmx flags	: vnmi preemption_timer invvpid ept_x_only flexpriority tsc_offset vtpr mtf vapic ept vpid unrestricted_guest
bugs		: cpu_meltdown spectre_v1 spectre_v2 spec_store_bypass l1tf mds swapgs itlb_multihit mmio_unknown
bogomips	: 6185.90
clflush size	: 64
cache_alignment	: 64
address sizes	: 36 bits physical, 48 bits virtual
power management:

processor	: 1
vendor_id	: GenuineIntel
cpu family	: 6
model		: 42
model name	: Intel(R) Core(TM) i3-2100 CPU @ 3.10GHz
stepping	: 7
microcode	: 0x1b
cpu MHz		: 3092.952
cache size	: 3072 KB
physical id	: 0
siblings	: 4
core id		: 1
cpu cores	: 2
apicid		: 2
initial apicid	: 2
fpu		: yes
fpu_exception	: yes
cpuid level	: 13
wp		: yes
flags		: fpu vme de pse tsc msr pae mce cx8 apic sep mtrr pge mca cmov pat pse36 clflush dts acpi mmx fxsr sse sse2 ht tm pbe syscall nx rdtscp lm constant_tsc arch_perfmon pebs bts rep_good nopl xtopology nonstop_tsc cpuid aperfmperf pni pclmulqdq dtes64 monitor ds_cpl vmx est tm2 ssse3 cx16 xtpr pdcm pcid sse4_1 sse4_2 popcnt tsc_deadline_timer xsave avx lahf_lm epb pti tpr_shadow vnmi flexpriority ept vpid xsaveopt dtherm arat pln pts
vmx flags	: vnmi preemption_timer invvpid ept_x_only flexpriority tsc_offset vtpr mtf vapic ept vpid unrestricted_guest
bugs		: cpu_meltdown spectre_v1 spectre_v2 spec_store_bypass l1tf mds swapgs itlb_multihit mmio_unknown
bogomips	: 6185.90
clflush size	: 64
cache_alignment	: 64
address sizes	: 36 bits physical, 48 bits virtual
power management:

processor	: 2
vendor_id	: GenuineIntel
cpu family	: 6
model		: 42
model name	: Intel(R) Core(TM) i3-2100 CPU @ 3.10GHz
stepping	: 7
microcode	: 0x1b
cpu MHz		: 3092.954
cache size	: 3072 KB
physical id	: 0
siblings	: 4
core id		: 0
cpu cores	: 2
apicid		: 1
initial apicid	: 1
fpu		: yes
fpu_exception	: yes
cpuid level	: 13
wp		: yes
flags		: fpu vme de pse tsc msr pae mce cx8 apic sep mtrr pge mca cmov pat pse36 clflush dts acpi mmx fxsr sse sse2 ht tm pbe syscall nx rdtscp lm constant_tsc arch_perfmon pebs bts rep_good nopl xtopology nonstop_tsc cpuid aperfmperf pni pclmulqdq dtes64 monitor ds_cpl vmx est tm2 ssse3 cx16 xtpr pdcm pcid sse4_1 sse4_2 popcnt tsc_deadline_timer xsave avx lahf_lm epb pti tpr_shadow vnmi flexpriority ept vpid xsaveopt dtherm arat pln pts
vmx flags	: vnmi preemption_timer invvpid ept_x_only flexpriority tsc_offset vtpr mtf vapic ept vpid unrestricted_guest
bugs		: cpu_meltdown spectre_v1 spectre_v2 spec_store_bypass l1tf mds swapgs itlb_multihit mmio_unknown
bogomips	: 6185.90
clflush size	: 64
cache_alignment	: 64
address sizes	: 36 bits physical, 48 bits virtual
power management:

processor	: 3
vendor_id	: GenuineIntel
cpu family	: 6
model		: 42
model name	: Intel(R) Core(TM) i3-2100 CPU @ 3.10GHz
stepping	: 7
microcode	: 0x1b
cpu MHz		: 3092.954
cache size	: 3072 KB
physical id	: 0
siblings	: 4
core id		: 1
cpu cores	: 2
apicid		: 3
initial apicid	: 3
fpu		: yes
fpu_exception	: yes
cpuid level	: 13
wp		: yes
flags		: fpu vme de pse tsc msr pae mce cx8 apic sep mtrr pge mca cmov pat pse36 clflush dts acpi mmx fxsr sse sse2 ht tm pbe syscall nx rdtscp lm constant_tsc arch_perfmon pebs bts rep_good nopl xtopology nonstop_tsc cpuid aperfmperf pni pclmulqdq dtes64 monitor ds_cpl vmx est tm2 ssse3 cx16 xtpr pdcm pcid sse4_1 sse4_2 popcnt tsc_deadline_timer xsave avx lahf_lm epb pti tpr_shadow vnmi flexpriority ept vpid xsaveopt dtherm arat pln pts
vmx flags	: vnmi preemption_timer invvpid ept_x_only flexpriority tsc_offset vtpr mtf vapic ept vpid unrestricted_guest
bugs		: cpu_meltdown spectre_v1 spectre_v2 spec_store_bypass l1tf mds swapgs itlb_multihit mmio_unknown
bogomips	: 6185.90
clflush size	: 64
cache_alignment	: 64
address sizes	: 36 bits physical, 48 bits virtual
power management:



================================================================================
Execution Times===========================================================================
================================================================================


Started Job 1 at: 2023-06-29 18:17:35 Processor: slinga-1 Rank: 0.

Ended Job 1 at: 2023-06-29 18:17:35 Processor: slinga-1 Rank: 0 Execution Time: 0.000006 sec.

Started Job 2 at: 2023-06-29 18:17:35 Processor: slinga-1 Rank: 1.

Started Job 2 at: 2023-06-29 18:17:35 Processor: slinga-1 Rank: 2.

Started Job 2 at: 2023-06-29 18:17:35 Processor: slinga-1 Rank: 3.

Started Job 2 at: 2023-06-29 18:17:35 Processor: slinga-1 Rank: 4.

Started Job 2 at: 2023-06-29 18:17:35 Processor: slinga-1 Rank: 5.

Started Job 2 at: 2023-06-29 18:17:35 Processor: slinga-1 Rank: 6.

Started Job 2 at: 2023-06-29 18:17:35 Processor: slinga-1 Rank: 7.

Started Job 2 at: 2023-06-29 18:17:35 Processor: slinga-1 Rank: 8.

Started Job 2 at: 2023-06-29 18:17:35 Processor: slinga-1 Rank: 9.

Ended Job 2 at: 2023-06-29 19:03:03 Processor: slinga-1 Rank: 1 Execution Time: 2728.294795 sec.

Ended Job 2 at: 2023-06-29 19:22:29 Processor: slinga-1 Rank: 2 Execution Time: 3894.720986 sec.

Ended Job 2 at: 2023-06-29 19:05:09 Processor: slinga-1 Rank: 3 Execution Time: 2854.594509 sec.

Ended Job 2 at: 2023-06-29 19:00:34 Processor: slinga-1 Rank: 4 Execution Time: 2579.316341 sec.

Ended Job 2 at: 2023-06-29 19:12:26 Processor: slinga-1 Rank: 5 Execution Time: 3291.892999 sec.

Ended Job 2 at: 2023-06-29 19:22:20 Processor: slinga-1 Rank: 6 Execution Time: 3885.812521 sec.

Ended Job 2 at: 2023-06-29 19:08:04 Processor: slinga-1 Rank: 7 Execution Time: 3029.544824 sec.

Ended Job 2 at: 2023-06-29 19:22:11 Processor: slinga-1 Rank: 8 Execution Time: 3876.592207 sec.

Ended Job 2 at: 2023-06-29 19:02:17 Processor: slinga-1 Rank: 9 Execution Time: 2682.930769 sec.

================================================================================

Ended Simulation of Damped Oscillation Implementation Using MPI at 2023-06-29 19:22:30
